0 info it worked if it ends with ok
1 verbose cli [ 'C:\\Program Files\\nodejs\\node.exe',
1 verbose cli   'C:\\Users\\nirmalv\\AppData\\Roaming\\npm\\node_modules\\npm\\bin\\npm-cli.js',
1 verbose cli   'start' ]
2 info using npm@3.10.8
3 info using node@v4.4.5
4 verbose run-script [ 'prestart', 'start', 'poststart' ]
5 info lifecycle my-colleagues-pwa@1.0.0~prestart: my-colleagues-pwa@1.0.0
6 silly lifecycle my-colleagues-pwa@1.0.0~prestart: no script for prestart, continuing
7 info lifecycle my-colleagues-pwa@1.0.0~start: my-colleagues-pwa@1.0.0
8 verbose lifecycle my-colleagues-pwa@1.0.0~start: unsafe-perm in lifecycle true
9 verbose lifecycle my-colleagues-pwa@1.0.0~start: PATH: C:\Users\nirmalv\AppData\Roaming\npm\node_modules\npm\bin\node-gyp-bin;D:\Projects\NodeRD\my-colleagues-pwa\node_modules\.bin;C:\ProgramData\Oracle\Java\javapath;C:\Windows\system32;C:\Windows;C:\Windows\System32\Wbem;C:\Windows\System32\WindowsPowerShell\v1.0\;C:\Program Files\Microsoft\Web Platform Installer\;C:\Program Files (x86)\Microsoft ASP.NET\ASP.NET Web Pages\v1.0\;C:\Program Files (x86)\Windows Kits\8.0\Windows Performance Toolkit\;C:\Program Files\Microsoft SQL Server\110\Tools\Binn\;C:\Program Files (x86)\Skype\Phone\;C:\Users\nirmalv\AppData\Roaming\nvm;C:\Program Files\nodejs;0.10.35\;C:\Program Files\TortoiseSVN\bin;C:\Program Files (x86)\Microsoft SQL Server\110\Tools\Binn\ManagementStudio\;C:\Program Files (x86)\Microsoft SQL Server\110\Tools\Binn\;C:\Program Files (x86)\Microsoft SQL Server\110\DTS\Binn\;C:\Program Files\Java\jdk1.7.0_60\BIN;C:\Program Files\Git\cmd;D:\apache-maven-3.3.9-bin\apache-maven-3.3.9\bin;C:\Program Files (x86)\MySQL\MySQL Server 5.1\bin\;C:\Program Files (x86)\Windows Live\Shared;C:\Users\nirmalv\AppData\Local\Android\sdk\tools;C:\Users\nirmalv\AppData\Local\Android\sdk\platform-tools\;C:\Ruby23-x64\bin;C:\Program Files\ARCOM\Specware\MasterWorks;
10 verbose lifecycle my-colleagues-pwa@1.0.0~start: CWD: D:\Projects\NodeRD\my-colleagues-pwa
11 silly lifecycle my-colleagues-pwa@1.0.0~start: Args: [ '/d /s /c', 'npm run lite' ]
12 verbose stack Error: kill ENOSYS
12 verbose stack     at exports._errnoException (util.js:870:11)
12 verbose stack     at process.kill (node.js:777:15)
12 verbose stack     at process.listener (C:\Users\nirmalv\AppData\Roaming\npm\node_modules\npm\node_modules\npmlog\node_modules\gauge\node_modules\signal-exit\index.js:86:15)
12 verbose stack     at emitNone (events.js:72:20)
12 verbose stack     at process.emit (events.js:166:7)
12 verbose stack     at processEmit (C:\Users\nirmalv\AppData\Roaming\npm\node_modules\npm\node_modules\npmlog\node_modules\gauge\node_modules\signal-exit\index.js:146:32)
12 verbose stack     at processEmit (C:\Users\nirmalv\AppData\Roaming\npm\node_modules\npm\node_modules\npm-registry-client\node_modules\npmlog\node_modules\gauge\node_modules\signal-exit\index.js:146:32)
12 verbose stack     at Signal.wrap.onsignal (node.js:804:46)
13 verbose cwd D:\Projects\NodeRD\my-colleagues-pwa
14 error Windows_NT 6.3.9600
15 error argv "C:\\Program Files\\nodejs\\node.exe" "C:\\Users\\nirmalv\\AppData\\Roaming\\npm\\node_modules\\npm\\bin\\npm-cli.js" "start"
16 error node v4.4.5
17 error npm  v3.10.8
18 error code ENOSYS
19 error errno ENOSYS
20 error syscall kill
21 error kill ENOSYS
22 error If you need help, you may report this error at:
22 error     <https://github.com/npm/npm/issues>
23 verbose exit [ 1, true ]
